(0.000) SELECT "transactions_account"."id", "transactions_account"."balance", "transactions_account"."user_id", "transactions_account"."created" FROM "transactions_account" WHERE "transactions_account"."id" = 2 LIMIT 21; args=(2,); alias=default
(0.000) SELECT "transactions_account"."id", "transactions_account"."balance", "transactions_account"."user_id", "transactions_account"."created" FROM "transactions_account" WHERE "transactions_account"."id" IN (3, 1); args=(3, 1); alias=default
(0.000) SELECT 1 AS "a" FROM "transactions_account" WHERE "transactions_account"."id" = 2 LIMIT 1; args=(1, 2); alias=default
(0.000) SELECT COUNT(*) AS "__count" FROM "transactions_account" WHERE ("transactions_account"."id" IN (3, 1) AND "transactions_account"."balance" >= 50.0); args=(3, 1, 50.0); alias=default
(0.003) UPDATE "transactions_account" SET "balance" = ("transactions_account"."balance" - 50.0) WHERE "transactions_account"."id" IN (3, 1); args=(50.0, 3, 1); alias=default
(0.002) UPDATE "transactions_account" SET "balance" = 2400.0, "user_id" = 1, "created" = '2022-08-17 12:31:33.038215' WHERE "transactions_account"."id" = 2; args=(2400.0, 1, '2022-08-17 12:31:33.038215', 2); alias=default
(0.000) SELECT "transactions_account"."id", "transactions_account"."balance", "transactions_account"."user_id", "transactions_account"."created" FROM "transactions_account" WHERE "transactions_account"."id" IN (3, 1); args=(3, 1); alias=default
(0.000) BEGIN; args=None; alias=default
(0.001) INSERT INTO "transactions_transaction" ("amount", "date_time", "from_account_id", "to_account_id") VALUES (50.0, '2022-08-19 16:34:37.257368', 1, 2), (50.0, '2022-08-19 16:34:37.257470', 3, 2) RETURNING "transactions_transaction"."id"; args=(50.0, '2022-08-19 16:34:37.257368', 1, 2, 50.0, '2022-08-19 16:34:37.257470', 3, 2); alias=default
(0.000) SELECT "transactions_account"."id", "transactions_account"."balance", "transactions_account"."user_id", "transactions_account"."created" FROM "transactions_account"; args=(); alias=default
(0.000) SELECT "transactions_account"."id", "transactions_account"."balance", "transactions_account"."user_id", "transactions_account"."created" FROM "transactions_account"; args=(); alias=default
(0.001) SELECT "transactions_account"."id", "transactions_account"."balance", "transactions_account"."user_id", "transactions_account"."created" FROM "transactions_account"; args=(); alias=default
(0.000) SELECT "transactions_account"."id", "transactions_account"."balance", "transactions_account"."user_id", "transactions_account"."created" FROM "transactions_account"; args=(); alias=default
(0.000) SELECT "transactions_transaction"."id", "transactions_transaction"."amount", "transactions_transaction"."date_time", "transactions_transaction"."from_account_id", "transactions_transaction"."to_account_id" FROM "transactions_transaction"; args=(); alias=default
(0.000) SELECT "transactions_account"."id", "transactions_account"."balance", "transactions_account"."user_id", "transactions_account"."created" FROM "transactions_account" WHERE "transactions_account"."id" = 1 LIMIT 21; args=(1,); alias=default
(0.000) SELECT "transactions_account"."id", "transactions_account"."balance", "transactions_account"."user_id", "transactions_account"."created" FROM "transactions_account" WHERE "transactions_account"."id" = 2 LIMIT 21; args=(2,); alias=default
(0.000) SELECT "transactions_account"."id", "transactions_account"."balance", "transactions_account"."user_id", "transactions_account"."created" FROM "transactions_account" WHERE "transactions_account"."id" = 1 LIMIT 21; args=(1,); alias=default
(0.000) SELECT "transactions_account"."id", "transactions_account"."balance", "transactions_account"."user_id", "transactions_account"."created" FROM "transactions_account" WHERE "transactions_account"."id" = 2 LIMIT 21; args=(2,); alias=default
(0.000) SELECT "transactions_account"."id", "transactions_account"."balance", "transactions_account"."user_id", "transactions_account"."created" FROM "transactions_account" WHERE "transactions_account"."id" = 3 LIMIT 21; args=(3,); alias=default
(0.000) SELECT "transactions_account"."id", "transactions_account"."balance", "transactions_account"."user_id", "transactions_account"."created" FROM "transactions_account" WHERE "transactions_account"."id" = 1 LIMIT 21; args=(1,); alias=default
(0.000) SELECT "transactions_account"."id", "transactions_account"."balance", "transactions_account"."user_id", "transactions_account"."created" FROM "transactions_account" WHERE "transactions_account"."id" = 1 LIMIT 21; args=(1,); alias=default
(0.000) SELECT "transactions_account"."id", "transactions_account"."balance", "transactions_account"."user_id", "transactions_account"."created" FROM "transactions_account" WHERE "transactions_account"."id" = 3 LIMIT 21; args=(3,); alias=default
(0.000) SELECT "transactions_account"."id", "transactions_account"."balance", "transactions_account"."user_id", "transactions_account"."created" FROM "transactions_account" WHERE "transactions_account"."id" = 2 LIMIT 21; args=(2,); alias=default
(0.000) SELECT "transactions_account"."id", "transactions_account"."balance", "transactions_account"."user_id", "transactions_account"."created" FROM "transactions_account" WHERE "transactions_account"."id" = 3 LIMIT 21; args=(3,); alias=default
(0.000) SELECT "transactions_account"."id", "transactions_account"."balance", "transactions_account"."user_id", "transactions_account"."created" FROM "transactions_account" WHERE "transactions_account"."id" = 1 LIMIT 21; args=(1,); alias=default
(0.000) SELECT "transactions_account"."id", "transactions_account"."balance", "transactions_account"."user_id", "transactions_account"."created" FROM "transactions_account" WHERE "transactions_account"."id" = 3 LIMIT 21; args=(3,); alias=default
(0.000) SELECT "transactions_account"."id", "transactions_account"."balance", "transactions_account"."user_id", "transactions_account"."created" FROM "transactions_account" WHERE "transactions_account"."id" = 2 LIMIT 21; args=(2,); alias=default
(0.000) SELECT "transactions_account"."id", "transactions_account"."balance", "transactions_account"."user_id", "transactions_account"."created" FROM "transactions_account" WHERE "transactions_account"."id" = 3 LIMIT 21; args=(3,); alias=default
(0.000) SELECT "transactions_account"."id", "transactions_account"."balance", "transactions_account"."user_id", "transactions_account"."created" FROM "transactions_account" WHERE "transactions_account"."id" = 1 LIMIT 21; args=(1,); alias=default
(0.000) SELECT "transactions_account"."id", "transactions_account"."balance", "transactions_account"."user_id", "transactions_account"."created" FROM "transactions_account" WHERE "transactions_account"."id" = 2 LIMIT 21; args=(2,); alias=default
(0.000) SELECT "transactions_account"."id", "transactions_account"."balance", "transactions_account"."user_id", "transactions_account"."created" FROM "transactions_account" WHERE "transactions_account"."id" = 3 LIMIT 21; args=(3,); alias=default
(0.000) SELECT "transactions_account"."id", "transactions_account"."balance", "transactions_account"."user_id", "transactions_account"."created" FROM "transactions_account" WHERE "transactions_account"."id" = 2 LIMIT 21; args=(2,); alias=default
(0.000) SELECT "transactions_account"."id", "transactions_account"."balance", "transactions_account"."user_id", "transactions_account"."created" FROM "transactions_account" WHERE "transactions_account"."id" = 1 LIMIT 21; args=(1,); alias=default
(0.000) SELECT "transactions_account"."id", "transactions_account"."balance", "transactions_account"."user_id", "transactions_account"."created" FROM "transactions_account"; args=(); alias=default
(0.000) SELECT "transactions_account"."id", "transactions_account"."balance", "transactions_account"."user_id", "transactions_account"."created" FROM "transactions_account"; args=(); alias=default
(0.000) SELECT "transactions_transaction"."id", "transactions_transaction"."amount", "transactions_transaction"."date_time", "transactions_transaction"."from_account_id", "transactions_transaction"."to_account_id" FROM "transactions_transaction" WHERE "transactions_transaction"."from_account_id" = 1; args=(1,); alias=default
(0.000) SELECT "transactions_account"."id", "transactions_account"."balance", "transactions_account"."user_id", "transactions_account"."created" FROM "transactions_account" WHERE "transactions_account"."id" = 1 LIMIT 21; args=(1,); alias=default
(0.000) SELECT "transactions_account"."id", "transactions_account"."balance", "transactions_account"."user_id", "transactions_account"."created" FROM "transactions_account" WHERE "transactions_account"."id" = 2 LIMIT 21; args=(2,); alias=default
(0.000) SELECT "transactions_account"."id", "transactions_account"."balance", "transactions_account"."user_id", "transactions_account"."created" FROM "transactions_account" WHERE "transactions_account"."id" = 1 LIMIT 21; args=(1,); alias=default
(0.000) SELECT "transactions_account"."id", "transactions_account"."balance", "transactions_account"."user_id", "transactions_account"."created" FROM "transactions_account" WHERE "transactions_account"."id" = 2 LIMIT 21; args=(2,); alias=default
(0.000) SELECT "transactions_account"."id", "transactions_account"."balance", "transactions_account"."user_id", "transactions_account"."created" FROM "transactions_account" WHERE "transactions_account"."id" = 1 LIMIT 21; args=(1,); alias=default
(0.000) SELECT "transactions_account"."id", "transactions_account"."balance", "transactions_account"."user_id", "transactions_account"."created" FROM "transactions_account" WHERE "transactions_account"."id" = 3 LIMIT 21; args=(3,); alias=default
(0.000) SELECT "transactions_account"."id", "transactions_account"."balance", "transactions_account"."user_id", "transactions_account"."created" FROM "transactions_account" WHERE "transactions_account"."id" = 1 LIMIT 21; args=(1,); alias=default
(0.000) SELECT "transactions_account"."id", "transactions_account"."balance", "transactions_account"."user_id", "transactions_account"."created" FROM "transactions_account" WHERE "transactions_account"."id" = 3 LIMIT 21; args=(3,); alias=default
(0.000) SELECT "transactions_account"."id", "transactions_account"."balance", "transactions_account"."user_id", "transactions_account"."created" FROM "transactions_account" WHERE "transactions_account"."id" = 1 LIMIT 21; args=(1,); alias=default
(0.000) SELECT "transactions_account"."id", "transactions_account"."balance", "transactions_account"."user_id", "transactions_account"."created" FROM "transactions_account" WHERE "transactions_account"."id" = 2 LIMIT 21; args=(2,); alias=default
(0.000) 
            SELECT name, type FROM sqlite_master
            WHERE type in ('table', 'view') AND NOT name='sqlite_sequence'
            ORDER BY name; args=None; alias=default
(0.000) SELECT "django_migrations"."id", "django_migrations"."app", "django_migrations"."name", "django_migrations"."applied" FROM "django_migrations"; args=(); alias=default
(0.000) SELECT "django_session"."session_key", "django_session"."session_data", "django_session"."expire_date" FROM "django_session" WHERE ("django_session"."expire_date" > '2022-08-19 16:40:52.781775' AND "django_session"."session_key" = '4r346u6fa9exyntlofngwxm8ws6z1afz') LIMIT 21; args=('2022-08-19 16:40:52.781775', '4r346u6fa9exyntlofngwxm8ws6z1afz'); alias=default
(0.000) SELECT "auth_user"."id", "auth_user"."password", "auth_user"."last_login", "auth_user"."is_superuser", "auth_user"."username", "auth_user"."first_name", "auth_user"."last_name", "auth_user"."email", "auth_user"."is_staff", "auth_user"."is_active", "auth_user"."date_joined" FROM "auth_user" WHERE "auth_user"."id" = 1 LIMIT 21; args=(1,); alias=default
(0.000) SELECT "django_session"."session_key", "django_session"."session_data", "django_session"."expire_date" FROM "django_session" WHERE ("django_session"."expire_date" > '2022-08-19 16:44:08.480529' AND "django_session"."session_key" = '4r346u6fa9exyntlofngwxm8ws6z1afz') LIMIT 21; args=('2022-08-19 16:44:08.480529', '4r346u6fa9exyntlofngwxm8ws6z1afz'); alias=default
(0.000) SELECT "auth_user"."id", "auth_user"."password", "auth_user"."last_login", "auth_user"."is_superuser", "auth_user"."username", "auth_user"."first_name", "auth_user"."last_name", "auth_user"."email", "auth_user"."is_staff", "auth_user"."is_active", "auth_user"."date_joined" FROM "auth_user" WHERE "auth_user"."id" = 1 LIMIT 21; args=(1,); alias=default
(0.000) 
            SELECT name, type FROM sqlite_master
            WHERE type in ('table', 'view') AND NOT name='sqlite_sequence'
            ORDER BY name; args=None; alias=default
(0.000) SELECT "django_migrations"."id", "django_migrations"."app", "django_migrations"."name", "django_migrations"."applied" FROM "django_migrations"; args=(); alias=default
(0.000) 
            SELECT name, type FROM sqlite_master
            WHERE type in ('table', 'view') AND NOT name='sqlite_sequence'
            ORDER BY name; args=None; alias=default
(0.000) SELECT "django_migrations"."id", "django_migrations"."app", "django_migrations"."name", "django_migrations"."applied" FROM "django_migrations"; args=(); alias=default
(0.000) 
            SELECT name, type FROM sqlite_master
            WHERE type in ('table', 'view') AND NOT name='sqlite_sequence'
            ORDER BY name; args=None; alias=default
(0.000) SELECT "django_migrations"."id", "django_migrations"."app", "django_migrations"."name", "django_migrations"."applied" FROM "django_migrations"; args=(); alias=default
(0.000) 
            SELECT name, type FROM sqlite_master
            WHERE type in ('table', 'view') AND NOT name='sqlite_sequence'
            ORDER BY name; args=None; alias=default
(0.000) SELECT "django_migrations"."id", "django_migrations"."app", "django_migrations"."name", "django_migrations"."applied" FROM "django_migrations"; args=(); alias=default
(0.000) SELECT 1 AS "a" FROM "auth_user" WHERE "auth_user"."username" = 'user1' LIMIT 1; args=(1, 'user1'); alias=default
(0.001) INSERT INTO "auth_user" ("password", "last_login", "is_superuser", "username", "first_name", "last_name", "email", "is_staff", "is_active", "date_joined") VALUES ('pbkdf2_sha256$390000$kMEEWx7F8ETKmzKyQ3AUvI$m/nK2WsWlZ4f8azj4bn1Frd2X/VXJwQOoUSubimvQow=', NULL, 0, 'user1', '', '', '', 0, 1, '2022-08-19 16:53:51.906709') RETURNING "auth_user"."id"; args=('pbkdf2_sha256$390000$kMEEWx7F8ETKmzKyQ3AUvI$m/nK2WsWlZ4f8azj4bn1Frd2X/VXJwQOoUSubimvQow=', None, False, 'user1', '', '', '', False, True, '2022-08-19 16:53:51.906709'); alias=default
(0.001) SELECT 1 AS "a" FROM "auth_user" WHERE "auth_user"."username" = 'user1' LIMIT 1; args=(1, 'user1'); alias=default
(0.000) SELECT "auth_user"."id", "auth_user"."password", "auth_user"."last_login", "auth_user"."is_superuser", "auth_user"."username", "auth_user"."first_name", "auth_user"."last_name", "auth_user"."email", "auth_user"."is_staff", "auth_user"."is_active", "auth_user"."date_joined" FROM "auth_user" WHERE "auth_user"."username" = 'user1' LIMIT 21; args=('user1',); alias=default
(0.000) SELECT "django_session"."session_key", "django_session"."session_data", "django_session"."expire_date" FROM "django_session" WHERE ("django_session"."expire_date" > '2022-08-19 16:54:23.372073' AND "django_session"."session_key" = '4r346u6fa9exyntlofngwxm8ws6z1afz') LIMIT 21; args=('2022-08-19 16:54:23.372073', '4r346u6fa9exyntlofngwxm8ws6z1afz'); alias=default
(0.000) SELECT "django_session"."session_key", "django_session"."session_data", "django_session"."expire_date" FROM "django_session" WHERE "django_session"."session_key" = '4r346u6fa9exyntlofngwxm8ws6z1afz' LIMIT 21; args=('4r346u6fa9exyntlofngwxm8ws6z1afz',); alias=default
(0.001) DELETE FROM "django_session" WHERE "django_session"."session_key" IN ('4r346u6fa9exyntlofngwxm8ws6z1afz'); args=('4r346u6fa9exyntlofngwxm8ws6z1afz',); alias=default
(0.001) UPDATE "auth_user" SET "last_login" = '2022-08-19 16:54:23.374298' WHERE "auth_user"."id" = 2; args=('2022-08-19 16:54:23.374298', 2); alias=default
(0.000) SELECT 1 AS "a" FROM "django_session" WHERE "django_session"."session_key" = 'eni431b2mnlzj7vrnr3gap6fi4xxcjgp' LIMIT 1; args=(1, 'eni431b2mnlzj7vrnr3gap6fi4xxcjgp'); alias=default
(0.000) BEGIN; args=None; alias=default
(0.000) INSERT INTO "django_session" ("session_key", "session_data", "expire_date") VALUES ('eni431b2mnlzj7vrnr3gap6fi4xxcjgp', '.eJxVjEEOwiAQRe_C2pCWERhcuu8ZyDAMUjVtUtqV8e7apAvd_vfef6lI21rj1mSJY1YXZdTpd0vED5l2kO803WbN87QuY9K7og_a9DBneV4P9--gUqvfusPgHAJ7TOhDTw5CAEedBWRiFnsuFkzoClgUEfRWSvap7wsbaxKo9we9Fzdk:1oP5GJ:ScyamkFOGj4K0BsvgucfmHiXJlZ65UPAGSzE8wnnVVs', '2022-09-02 16:54:23.376511'); args=('eni431b2mnlzj7vrnr3gap6fi4xxcjgp', '.eJxVjEEOwiAQRe_C2pCWERhcuu8ZyDAMUjVtUtqV8e7apAvd_vfef6lI21rj1mSJY1YXZdTpd0vED5l2kO803WbN87QuY9K7og_a9DBneV4P9--gUqvfusPgHAJ7TOhDTw5CAEedBWRiFnsuFkzoClgUEfRWSvap7wsbaxKo9we9Fzdk:1oP5GJ:ScyamkFOGj4K0BsvgucfmHiXJlZ65UPAGSzE8wnnVVs', '2022-09-02 16:54:23.376511'); alias=default
(0.001) SELECT "transactions_account"."id", "transactions_account"."balance", "transactions_account"."user_id", "transactions_account"."created" FROM "transactions_account"; args=(); alias=default
(0.000) SELECT "transactions_account"."id", "transactions_account"."balance", "transactions_account"."user_id", "transactions_account"."created" FROM "transactions_account"; args=(); alias=default
(0.000) SELECT "transactions_transaction"."id", "transactions_transaction"."amount", "transactions_transaction"."date_time", "transactions_transaction"."from_account_id", "transactions_transaction"."to_account_id" FROM "transactions_transaction"; args=(); alias=default
(0.000) SELECT "transactions_account"."id", "transactions_account"."balance", "transactions_account"."user_id", "transactions_account"."created" FROM "transactions_account" WHERE "transactions_account"."id" = 1 LIMIT 21; args=(1,); alias=default
(0.000) SELECT "transactions_account"."id", "transactions_account"."balance", "transactions_account"."user_id", "transactions_account"."created" FROM "transactions_account" WHERE "transactions_account"."id" = 2 LIMIT 21; args=(2,); alias=default
(0.000) SELECT "transactions_account"."id", "transactions_account"."balance", "transactions_account"."user_id", "transactions_account"."created" FROM "transactions_account" WHERE "transactions_account"."id" = 1 LIMIT 21; args=(1,); alias=default
(0.000) SELECT "transactions_account"."id", "transactions_account"."balance", "transactions_account"."user_id", "transactions_account"."created" FROM "transactions_account" WHERE "transactions_account"."id" = 2 LIMIT 21; args=(2,); alias=default
(0.000) SELECT "transactions_account"."id", "transactions_account"."balance", "transactions_account"."user_id", "transactions_account"."created" FROM "transactions_account" WHERE "transactions_account"."id" = 3 LIMIT 21; args=(3,); alias=default
(0.000) SELECT "transactions_account"."id", "transactions_account"."balance", "transactions_account"."user_id", "transactions_account"."created" FROM "transactions_account" WHERE "transactions_account"."id" = 1 LIMIT 21; args=(1,); alias=default
(0.000) SELECT "transactions_account"."id", "transactions_account"."balance", "transactions_account"."user_id", "transactions_account"."created" FROM "transactions_account" WHERE "transactions_account"."id" = 1 LIMIT 21; args=(1,); alias=default
(0.000) SELECT "transactions_account"."id", "transactions_account"."balance", "transactions_account"."user_id", "transactions_account"."created" FROM "transactions_account" WHERE "transactions_account"."id" = 3 LIMIT 21; args=(3,); alias=default
(0.000) SELECT "transactions_account"."id", "transactions_account"."balance", "transactions_account"."user_id", "transactions_account"."created" FROM "transactions_account" WHERE "transactions_account"."id" = 2 LIMIT 21; args=(2,); alias=default
(0.000) SELECT "transactions_account"."id", "transactions_account"."balance", "transactions_account"."user_id", "transactions_account"."created" FROM "transactions_account" WHERE "transactions_account"."id" = 3 LIMIT 21; args=(3,); alias=default
(0.000) SELECT "transactions_account"."id", "transactions_account"."balance", "transactions_account"."user_id", "transactions_account"."created" FROM "transactions_account" WHERE "transactions_account"."id" = 1 LIMIT 21; args=(1,); alias=default
(0.000) SELECT "transactions_account"."id", "transactions_account"."balance", "transactions_account"."user_id", "transactions_account"."created" FROM "transactions_account" WHERE "transactions_account"."id" = 3 LIMIT 21; args=(3,); alias=default
(0.000) SELECT "transactions_account"."id", "transactions_account"."balance", "transactions_account"."user_id", "transactions_account"."created" FROM "transactions_account" WHERE "transactions_account"."id" = 2 LIMIT 21; args=(2,); alias=default
(0.000) SELECT "transactions_account"."id", "transactions_account"."balance", "transactions_account"."user_id", "transactions_account"."created" FROM "transactions_account" WHERE "transactions_account"."id" = 3 LIMIT 21; args=(3,); alias=default
(0.000) SELECT "transactions_account"."id", "transactions_account"."balance", "transactions_account"."user_id", "transactions_account"."created" FROM "transactions_account" WHERE "transactions_account"."id" = 1 LIMIT 21; args=(1,); alias=default
(0.000) SELECT "transactions_account"."id", "transactions_account"."balance", "transactions_account"."user_id", "transactions_account"."created" FROM "transactions_account" WHERE "transactions_account"."id" = 2 LIMIT 21; args=(2,); alias=default
(0.000) SELECT "transactions_account"."id", "transactions_account"."balance", "transactions_account"."user_id", "transactions_account"."created" FROM "transactions_account" WHERE "transactions_account"."id" = 3 LIMIT 21; args=(3,); alias=default
(0.000) SELECT "transactions_account"."id", "transactions_account"."balance", "transactions_account"."user_id", "transactions_account"."created" FROM "transactions_account" WHERE "transactions_account"."id" = 2 LIMIT 21; args=(2,); alias=default
(0.000) 
            SELECT name, type FROM sqlite_master
            WHERE type in ('table', 'view') AND NOT name='sqlite_sequence'
            ORDER BY name; args=None; alias=default
(0.000) SELECT "django_migrations"."id", "django_migrations"."app", "django_migrations"."name", "django_migrations"."applied" FROM "django_migrations"; args=(); alias=default
(0.000) SELECT "django_session"."session_key", "django_session"."session_data", "django_session"."expire_date" FROM "django_session" WHERE ("django_session"."expire_date" > '2022-08-19 17:07:54.934773' AND "django_session"."session_key" = 'eni431b2mnlzj7vrnr3gap6fi4xxcjgp') LIMIT 21; args=('2022-08-19 17:07:54.934773', 'eni431b2mnlzj7vrnr3gap6fi4xxcjgp'); alias=default
(0.000) SELECT "auth_user"."id", "auth_user"."password", "auth_user"."last_login", "auth_user"."is_superuser", "auth_user"."username", "auth_user"."first_name", "auth_user"."last_name", "auth_user"."email", "auth_user"."is_staff", "auth_user"."is_active", "auth_user"."date_joined" FROM "auth_user" WHERE "auth_user"."id" = 2 LIMIT 21; args=(2,); alias=default
(0.000) SELECT "transactions_account"."id", "transactions_account"."balance", "transactions_account"."user_id", "transactions_account"."created" FROM "transactions_account"; args=(); alias=default
(0.000) SELECT "transactions_account"."id", "transactions_account"."balance", "transactions_account"."user_id", "transactions_account"."created" FROM "transactions_account" WHERE "transactions_account"."user_id" = 2; args=(2,); alias=default
(0.000) SELECT "django_session"."session_key", "django_session"."session_data", "django_session"."expire_date" FROM "django_session" WHERE ("django_session"."expire_date" > '2022-08-19 17:08:14.087025' AND "django_session"."session_key" = 'eni431b2mnlzj7vrnr3gap6fi4xxcjgp') LIMIT 21; args=('2022-08-19 17:08:14.087025', 'eni431b2mnlzj7vrnr3gap6fi4xxcjgp'); alias=default
(0.000) SELECT "auth_user"."id", "auth_user"."password", "auth_user"."last_login", "auth_user"."is_superuser", "auth_user"."username", "auth_user"."first_name", "auth_user"."last_name", "auth_user"."email", "auth_user"."is_staff", "auth_user"."is_active", "auth_user"."date_joined" FROM "auth_user" WHERE "auth_user"."id" = 2 LIMIT 21; args=(2,); alias=default
(0.000) SELECT "django_session"."session_key", "django_session"."session_data", "django_session"."expire_date" FROM "django_session" WHERE ("django_session"."expire_date" > '2022-08-19 17:08:14.107965' AND "django_session"."session_key" = 'eni431b2mnlzj7vrnr3gap6fi4xxcjgp') LIMIT 21; args=('2022-08-19 17:08:14.107965', 'eni431b2mnlzj7vrnr3gap6fi4xxcjgp'); alias=default
(0.000) SELECT "auth_user"."id", "auth_user"."password", "auth_user"."last_login", "auth_user"."is_superuser", "auth_user"."username", "auth_user"."first_name", "auth_user"."last_name", "auth_user"."email", "auth_user"."is_staff", "auth_user"."is_active", "auth_user"."date_joined" FROM "auth_user" WHERE "auth_user"."id" = 2 LIMIT 21; args=(2,); alias=default
(0.000) SELECT "django_content_type"."app_label", "auth_permission"."codename" FROM "auth_permission" INNER JOIN "auth_user_user_permissions" ON ("auth_permission"."id" = "auth_user_user_permissions"."permission_id") INNER JOIN "django_content_type" ON ("auth_permission"."content_type_id" = "django_content_type"."id") WHERE "auth_user_user_permissions"."user_id" = 2; args=(2,); alias=default
(0.000) SELECT "django_content_type"."app_label", "auth_permission"."codename" FROM "auth_permission" INNER JOIN "auth_group_permissions" ON ("auth_permission"."id" = "auth_group_permissions"."permission_id") INNER JOIN "auth_group" ON ("auth_group_permissions"."group_id" = "auth_group"."id") INNER JOIN "auth_user_groups" ON ("auth_group"."id" = "auth_user_groups"."group_id") INNER JOIN "django_content_type" ON ("auth_permission"."content_type_id" = "django_content_type"."id") WHERE "auth_user_groups"."user_id" = 2; args=(2,); alias=default
(0.000) SELECT "django_session"."session_key", "django_session"."session_data", "django_session"."expire_date" FROM "django_session" WHERE ("django_session"."expire_date" > '2022-08-19 17:08:21.638283' AND "django_session"."session_key" = 'eni431b2mnlzj7vrnr3gap6fi4xxcjgp') LIMIT 21; args=('2022-08-19 17:08:21.638283', 'eni431b2mnlzj7vrnr3gap6fi4xxcjgp'); alias=default
(0.000) SELECT "auth_user"."id", "auth_user"."password", "auth_user"."last_login", "auth_user"."is_superuser", "auth_user"."username", "auth_user"."first_name", "auth_user"."last_name", "auth_user"."email", "auth_user"."is_staff", "auth_user"."is_active", "auth_user"."date_joined" FROM "auth_user" WHERE "auth_user"."id" = 2 LIMIT 21; args=(2,); alias=default
(0.000) SELECT "django_session"."session_key", "django_session"."session_data", "django_session"."expire_date" FROM "django_session" WHERE ("django_session"."expire_date" > '2022-08-19 17:08:21.643208' AND "django_session"."session_key" = 'eni431b2mnlzj7vrnr3gap6fi4xxcjgp') LIMIT 21; args=('2022-08-19 17:08:21.643208', 'eni431b2mnlzj7vrnr3gap6fi4xxcjgp'); alias=default
(0.000) SELECT "auth_user"."id", "auth_user"."password", "auth_user"."last_login", "auth_user"."is_superuser", "auth_user"."username", "auth_user"."first_name", "auth_user"."last_name", "auth_user"."email", "auth_user"."is_staff", "auth_user"."is_active", "auth_user"."date_joined" FROM "auth_user" WHERE "auth_user"."id" = 2 LIMIT 21; args=(2,); alias=default
(0.000) SELECT "django_content_type"."app_label", "auth_permission"."codename" FROM "auth_permission" INNER JOIN "auth_user_user_permissions" ON ("auth_permission"."id" = "auth_user_user_permissions"."permission_id") INNER JOIN "django_content_type" ON ("auth_permission"."content_type_id" = "django_content_type"."id") WHERE "auth_user_user_permissions"."user_id" = 2; args=(2,); alias=default
(0.000) SELECT "django_content_type"."app_label", "auth_permission"."codename" FROM "auth_permission" INNER JOIN "auth_group_permissions" ON ("auth_permission"."id" = "auth_group_permissions"."permission_id") INNER JOIN "auth_group" ON ("auth_group_permissions"."group_id" = "auth_group"."id") INNER JOIN "auth_user_groups" ON ("auth_group"."id" = "auth_user_groups"."group_id") INNER JOIN "django_content_type" ON ("auth_permission"."content_type_id" = "django_content_type"."id") WHERE "auth_user_groups"."user_id" = 2; args=(2,); alias=default
(0.000) SELECT "django_session"."session_key", "django_session"."session_data", "django_session"."expire_date" FROM "django_session" WHERE ("django_session"."expire_date" > '2022-08-19 17:08:27.064712' AND "django_session"."session_key" = 'eni431b2mnlzj7vrnr3gap6fi4xxcjgp') LIMIT 21; args=('2022-08-19 17:08:27.064712', 'eni431b2mnlzj7vrnr3gap6fi4xxcjgp'); alias=default
(0.000) SELECT "auth_user"."id", "auth_user"."password", "auth_user"."last_login", "auth_user"."is_superuser", "auth_user"."username", "auth_user"."first_name", "auth_user"."last_name", "auth_user"."email", "auth_user"."is_staff", "auth_user"."is_active", "auth_user"."date_joined" FROM "auth_user" WHERE "auth_user"."id" = 2 LIMIT 21; args=(2,); alias=default
(0.000) SELECT "django_content_type"."app_label", "auth_permission"."codename" FROM "auth_permission" INNER JOIN "auth_user_user_permissions" ON ("auth_permission"."id" = "auth_user_user_permissions"."permission_id") INNER JOIN "django_content_type" ON ("auth_permission"."content_type_id" = "django_content_type"."id") WHERE "auth_user_user_permissions"."user_id" = 2; args=(2,); alias=default
(0.000) SELECT "django_content_type"."app_label", "auth_permission"."codename" FROM "auth_permission" INNER JOIN "auth_group_permissions" ON ("auth_permission"."id" = "auth_group_permissions"."permission_id") INNER JOIN "auth_group" ON ("auth_group_permissions"."group_id" = "auth_group"."id") INNER JOIN "auth_user_groups" ON ("auth_group"."id" = "auth_user_groups"."group_id") INNER JOIN "django_content_type" ON ("auth_permission"."content_type_id" = "django_content_type"."id") WHERE "auth_user_groups"."user_id" = 2; args=(2,); alias=default
(0.000) SELECT "auth_user"."id", "auth_user"."password", "auth_user"."last_login", "auth_user"."is_superuser", "auth_user"."username", "auth_user"."first_name", "auth_user"."last_name", "auth_user"."email", "auth_user"."is_staff", "auth_user"."is_active", "auth_user"."date_joined" FROM "auth_user" WHERE "auth_user"."username" = 'admin' LIMIT 21; args=('admin',); alias=default
(0.000) SELECT "django_session"."session_key", "django_session"."session_data", "django_session"."expire_date" FROM "django_session" WHERE "django_session"."session_key" = 'eni431b2mnlzj7vrnr3gap6fi4xxcjgp' LIMIT 21; args=('eni431b2mnlzj7vrnr3gap6fi4xxcjgp',); alias=default
(0.002) DELETE FROM "django_session" WHERE "django_session"."session_key" IN ('eni431b2mnlzj7vrnr3gap6fi4xxcjgp'); args=('eni431b2mnlzj7vrnr3gap6fi4xxcjgp',); alias=default
(0.001) UPDATE "auth_user" SET "last_login" = '2022-08-19 17:08:27.244223' WHERE "auth_user"."id" = 1; args=('2022-08-19 17:08:27.244223', 1); alias=default
(0.000) SELECT 1 AS "a" FROM "django_session" WHERE "django_session"."session_key" = '46m8mm5qpannvpu50iuo2ddwfac7ou3w' LIMIT 1; args=(1, '46m8mm5qpannvpu50iuo2ddwfac7ou3w'); alias=default
(0.000) BEGIN; args=None; alias=default
(0.000) INSERT INTO "django_session" ("session_key", "session_data", "expire_date") VALUES ('46m8mm5qpannvpu50iuo2ddwfac7ou3w', '.eJxVjEEOwiAQRe_C2hCYwlRcuvcMZIahUjU0Ke3KeHfbpAvdvvf-f6tI61Li2vIcR1EXZdXplzGlZ667kAfV-6TTVJd5ZL0n-rBN3ybJr-vR_h0UamVboxmM9w7Rk3PElI23YBE84MaTC8QiARj57CxTFwYBspJ6Y1Gg69XnC7yhNyE:1oP5Tv:sUumwS9pOLr4smPKySZUqHp99aSmuvSqwQmjSuEHgLI', '2022-09-02 17:08:27.246051'); args=('46m8mm5qpannvpu50iuo2ddwfac7ou3w', '.eJxVjEEOwiAQRe_C2hCYwlRcuvcMZIahUjU0Ke3KeHfbpAvdvvf-f6tI61Li2vIcR1EXZdXplzGlZ667kAfV-6TTVJd5ZL0n-rBN3ybJr-vR_h0UamVboxmM9w7Rk3PElI23YBE84MaTC8QiARj57CxTFwYBspJ6Y1Gg69XnC7yhNyE:1oP5Tv:sUumwS9pOLr4smPKySZUqHp99aSmuvSqwQmjSuEHgLI', '2022-09-02 17:08:27.246051'); alias=default
(0.000) SELECT "django_session"."session_key", "django_session"."session_data", "django_session"."expire_date" FROM "django_session" WHERE ("django_session"."expire_date" > '2022-08-19 17:08:27.249838' AND "django_session"."session_key" = '46m8mm5qpannvpu50iuo2ddwfac7ou3w') LIMIT 21; args=('2022-08-19 17:08:27.249838', '46m8mm5qpannvpu50iuo2ddwfac7ou3w'); alias=default
(0.000) SELECT "auth_user"."id", "auth_user"."password", "auth_user"."last_login", "auth_user"."is_superuser", "auth_user"."username", "auth_user"."first_name", "auth_user"."last_name", "auth_user"."email", "auth_user"."is_staff", "auth_user"."is_active", "auth_user"."date_joined" FROM "auth_user" WHERE "auth_user"."id" = 1 LIMIT 21; args=(1,); alias=default
(0.000) SELECT COUNT(*) AS "__count" FROM "transactions_transaction"; args=(); alias=default
(0.000) SELECT COUNT(*) AS "__count" FROM "transactions_transaction"; args=(); alias=default
(0.000) SELECT "transactions_transaction"."id", "transactions_transaction"."amount", "transactions_transaction"."date_time", "transactions_transaction"."from_account_id", "transactions_transaction"."to_account_id", "transactions_account"."id", "transactions_account"."balance", "transactions_account"."user_id", "transactions_account"."created", "auth_user"."id", "auth_user"."password", "auth_user"."last_login", "auth_user"."is_superuser", "auth_user"."username", "auth_user"."first_name", "auth_user"."last_name", "auth_user"."email", "auth_user"."is_staff", "auth_user"."is_active", "auth_user"."date_joined", T4."id", T4."balance", T4."user_id", T4."created", T5."id", T5."password", T5."last_login", T5."is_superuser", T5."username", T5."first_name", T5."last_name", T5."email", T5."is_staff", T5."is_active", T5."date_joined" FROM "transactions_transaction" INNER JOIN "transactions_account" ON ("transactions_transaction"."from_account_id" = "transactions_account"."id") INNER JOIN "auth_user" ON ("transactions_account"."user_id" = "auth_user"."id") INNER JOIN "transactions_account" T4 ON ("transactions_transaction"."to_account_id" = T4."id") INNER JOIN "auth_user" T5 ON (T4."user_id" = T5."id") ORDER BY "transactions_transaction"."id" DESC; args=(); alias=default
(0.000) SELECT "django_session"."session_key", "django_session"."session_data", "django_session"."expire_date" FROM "django_session" WHERE ("django_session"."expire_date" > '2022-08-19 17:08:27.275983' AND "django_session"."session_key" = '46m8mm5qpannvpu50iuo2ddwfac7ou3w') LIMIT 21; args=('2022-08-19 17:08:27.275983', '46m8mm5qpannvpu50iuo2ddwfac7ou3w'); alias=default
(0.000) SELECT "auth_user"."id", "auth_user"."password", "auth_user"."last_login", "auth_user"."is_superuser", "auth_user"."username", "auth_user"."first_name", "auth_user"."last_name", "auth_user"."email", "auth_user"."is_staff", "auth_user"."is_active", "auth_user"."date_joined" FROM "auth_user" WHERE "auth_user"."id" = 1 LIMIT 21; args=(1,); alias=default
(0.000) SELECT "django_session"."session_key", "django_session"."session_data", "django_session"."expire_date" FROM "django_session" WHERE ("django_session"."expire_date" > '2022-08-19 17:08:35.836056' AND "django_session"."session_key" = '46m8mm5qpannvpu50iuo2ddwfac7ou3w') LIMIT 21; args=('2022-08-19 17:08:35.836056', '46m8mm5qpannvpu50iuo2ddwfac7ou3w'); alias=default
(0.000) SELECT "auth_user"."id", "auth_user"."password", "auth_user"."last_login", "auth_user"."is_superuser", "auth_user"."username", "auth_user"."first_name", "auth_user"."last_name", "auth_user"."email", "auth_user"."is_staff", "auth_user"."is_active", "auth_user"."date_joined" FROM "auth_user" WHERE "auth_user"."id" = 1 LIMIT 21; args=(1,); alias=default
(0.000) BEGIN; args=None; alias=default
(0.000) SELECT "django_content_type"."id", "django_content_type"."app_label", "django_content_type"."model" FROM "django_content_type" WHERE ("django_content_type"."app_label" = 'transactions' AND "django_content_type"."model" = 'account') LIMIT 21; args=('transactions', 'account'); alias=default
(0.000) SELECT "auth_user"."id", "auth_user"."password", "auth_user"."last_login", "auth_user"."is_superuser", "auth_user"."username", "auth_user"."first_name", "auth_user"."last_name", "auth_user"."email", "auth_user"."is_staff", "auth_user"."is_active", "auth_user"."date_joined" FROM "auth_user" ORDER BY "auth_user"."username" ASC; args=(); alias=default
(0.000) SELECT "transactions_account"."id", "transactions_account"."balance", "transactions_account"."user_id", "transactions_account"."created" FROM "transactions_account"; args=(); alias=default
(0.000) SELECT "transactions_account"."id", "transactions_account"."balance", "transactions_account"."user_id", "transactions_account"."created" FROM "transactions_account"; args=(); alias=default
(0.000) SELECT "django_session"."session_key", "django_session"."session_data", "django_session"."expire_date" FROM "django_session" WHERE ("django_session"."expire_date" > '2022-08-19 17:08:35.893294' AND "django_session"."session_key" = '46m8mm5qpannvpu50iuo2ddwfac7ou3w') LIMIT 21; args=('2022-08-19 17:08:35.893294', '46m8mm5qpannvpu50iuo2ddwfac7ou3w'); alias=default
(0.000) SELECT "auth_user"."id", "auth_user"."password", "auth_user"."last_login", "auth_user"."is_superuser", "auth_user"."username", "auth_user"."first_name", "auth_user"."last_name", "auth_user"."email", "auth_user"."is_staff", "auth_user"."is_active", "auth_user"."date_joined" FROM "auth_user" WHERE "auth_user"."id" = 1 LIMIT 21; args=(1,); alias=default
(0.000) SELECT "django_session"."session_key", "django_session"."session_data", "django_session"."expire_date" FROM "django_session" WHERE ("django_session"."expire_date" > '2022-08-19 17:08:45.282381' AND "django_session"."session_key" = '46m8mm5qpannvpu50iuo2ddwfac7ou3w') LIMIT 21; args=('2022-08-19 17:08:45.282381', '46m8mm5qpannvpu50iuo2ddwfac7ou3w'); alias=default
(0.000) SELECT "auth_user"."id", "auth_user"."password", "auth_user"."last_login", "auth_user"."is_superuser", "auth_user"."username", "auth_user"."first_name", "auth_user"."last_name", "auth_user"."email", "auth_user"."is_staff", "auth_user"."is_active", "auth_user"."date_joined" FROM "auth_user" WHERE "auth_user"."id" = 1 LIMIT 21; args=(1,); alias=default
(0.000) BEGIN; args=None; alias=default
(0.000) SELECT "auth_user"."id", "auth_user"."password", "auth_user"."last_login", "auth_user"."is_superuser", "auth_user"."username", "auth_user"."first_name", "auth_user"."last_name", "auth_user"."email", "auth_user"."is_staff", "auth_user"."is_active", "auth_user"."date_joined" FROM "auth_user" WHERE "auth_user"."id" = 2 LIMIT 21; args=(2,); alias=default
(0.000) SELECT 1 AS "a" FROM "auth_user" WHERE "auth_user"."id" = 2 LIMIT 1; args=(1, 2); alias=default
(0.001) INSERT INTO "transactions_account" ("balance", "user_id", "created") VALUES (3000.0, 2, '2022-08-19 17:08:45.293307') RETURNING "transactions_account"."id"; args=(3000.0, 2, '2022-08-19 17:08:45.293307'); alias=default
(0.000) INSERT INTO "django_admin_log" ("action_time", "user_id", "content_type_id", "object_id", "object_repr", "action_flag", "change_message") VALUES ('2022-08-19 17:08:45.294913', 1, 7, '4', '4', 1, '[{"added": {}}]') RETURNING "django_admin_log"."id"; args=('2022-08-19 17:08:45.294913', 1, 7, '4', '4', 1, '[{"added": {}}]'); alias=default
(0.001) SELECT "django_session"."session_key", "django_session"."session_data", "django_session"."expire_date" FROM "django_session" WHERE ("django_session"."expire_date" > '2022-08-19 17:08:45.299988' AND "django_session"."session_key" = '46m8mm5qpannvpu50iuo2ddwfac7ou3w') LIMIT 21; args=('2022-08-19 17:08:45.299988', '46m8mm5qpannvpu50iuo2ddwfac7ou3w'); alias=default
(0.000) SELECT "auth_user"."id", "auth_user"."password", "auth_user"."last_login", "auth_user"."is_superuser", "auth_user"."username", "auth_user"."first_name", "auth_user"."last_name", "auth_user"."email", "auth_user"."is_staff", "auth_user"."is_active", "auth_user"."date_joined" FROM "auth_user" WHERE "auth_user"."id" = 1 LIMIT 21; args=(1,); alias=default
(0.000) SELECT COUNT(*) AS "__count" FROM "transactions_account"; args=(); alias=default
(0.000) SELECT COUNT(*) AS "__count" FROM "transactions_account"; args=(); alias=default
(0.000) SELECT "transactions_account"."id", "transactions_account"."balance", "transactions_account"."user_id", "transactions_account"."created", "auth_user"."id", "auth_user"."password", "auth_user"."last_login", "auth_user"."is_superuser", "auth_user"."username", "auth_user"."first_name", "auth_user"."last_name", "auth_user"."email", "auth_user"."is_staff", "auth_user"."is_active", "auth_user"."date_joined" FROM "transactions_account" INNER JOIN "auth_user" ON ("transactions_account"."user_id" = "auth_user"."id") ORDER BY "transactions_account"."id" DESC; args=(); alias=default
(0.000) SELECT "django_session"."session_key", "django_session"."session_data", "django_session"."expire_date" FROM "django_session" WHERE ("django_session"."expire_date" > '2022-08-19 17:08:45.327765' AND "django_session"."session_key" = '46m8mm5qpannvpu50iuo2ddwfac7ou3w') LIMIT 21; args=('2022-08-19 17:08:45.327765', '46m8mm5qpannvpu50iuo2ddwfac7ou3w'); alias=default
(0.000) SELECT "auth_user"."id", "auth_user"."password", "auth_user"."last_login", "auth_user"."is_superuser", "auth_user"."username", "auth_user"."first_name", "auth_user"."last_name", "auth_user"."email", "auth_user"."is_staff", "auth_user"."is_active", "auth_user"."date_joined" FROM "auth_user" WHERE "auth_user"."id" = 1 LIMIT 21; args=(1,); alias=default
(0.000) SELECT "django_session"."session_key", "django_session"."session_data", "django_session"."expire_date" FROM "django_session" WHERE ("django_session"."expire_date" > '2022-08-19 17:08:47.031849' AND "django_session"."session_key" = '46m8mm5qpannvpu50iuo2ddwfac7ou3w') LIMIT 21; args=('2022-08-19 17:08:47.031849', '46m8mm5qpannvpu50iuo2ddwfac7ou3w'); alias=default
(0.000) SELECT "auth_user"."id", "auth_user"."password", "auth_user"."last_login", "auth_user"."is_superuser", "auth_user"."username", "auth_user"."first_name", "auth_user"."last_name", "auth_user"."email", "auth_user"."is_staff", "auth_user"."is_active", "auth_user"."date_joined" FROM "auth_user" WHERE "auth_user"."id" = 1 LIMIT 21; args=(1,); alias=default
(0.000) BEGIN; args=None; alias=default
(0.000) SELECT "auth_user"."id", "auth_user"."password", "auth_user"."last_login", "auth_user"."is_superuser", "auth_user"."username", "auth_user"."first_name", "auth_user"."last_name", "auth_user"."email", "auth_user"."is_staff", "auth_user"."is_active", "auth_user"."date_joined" FROM "auth_user" ORDER BY "auth_user"."username" ASC; args=(); alias=default
(0.000) SELECT "transactions_account"."id", "transactions_account"."balance", "transactions_account"."user_id", "transactions_account"."created" FROM "transactions_account"; args=(); alias=default
(0.000) SELECT "transactions_account"."id", "transactions_account"."balance", "transactions_account"."user_id", "transactions_account"."created" FROM "transactions_account"; args=(); alias=default
(0.000) SELECT "django_session"."session_key", "django_session"."session_data", "django_session"."expire_date" FROM "django_session" WHERE ("django_session"."expire_date" > '2022-08-19 17:08:47.074150' AND "django_session"."session_key" = '46m8mm5qpannvpu50iuo2ddwfac7ou3w') LIMIT 21; args=('2022-08-19 17:08:47.074150', '46m8mm5qpannvpu50iuo2ddwfac7ou3w'); alias=default
(0.000) SELECT "auth_user"."id", "auth_user"."password", "auth_user"."last_login", "auth_user"."is_superuser", "auth_user"."username", "auth_user"."first_name", "auth_user"."last_name", "auth_user"."email", "auth_user"."is_staff", "auth_user"."is_active", "auth_user"."date_joined" FROM "auth_user" WHERE "auth_user"."id" = 1 LIMIT 21; args=(1,); alias=default
(0.001) SELECT "django_session"."session_key", "django_session"."session_data", "django_session"."expire_date" FROM "django_session" WHERE ("django_session"."expire_date" > '2022-08-19 17:08:52.416133' AND "django_session"."session_key" = '46m8mm5qpannvpu50iuo2ddwfac7ou3w') LIMIT 21; args=('2022-08-19 17:08:52.416133', '46m8mm5qpannvpu50iuo2ddwfac7ou3w'); alias=default
(0.000) SELECT "auth_user"."id", "auth_user"."password", "auth_user"."last_login", "auth_user"."is_superuser", "auth_user"."username", "auth_user"."first_name", "auth_user"."last_name", "auth_user"."email", "auth_user"."is_staff", "auth_user"."is_active", "auth_user"."date_joined" FROM "auth_user" WHERE "auth_user"."id" = 1 LIMIT 21; args=(1,); alias=default
(0.000) BEGIN; args=None; alias=default
(0.000) SELECT "auth_user"."id", "auth_user"."password", "auth_user"."last_login", "auth_user"."is_superuser", "auth_user"."username", "auth_user"."first_name", "auth_user"."last_name", "auth_user"."email", "auth_user"."is_staff", "auth_user"."is_active", "auth_user"."date_joined" FROM "auth_user" WHERE "auth_user"."id" = 2 LIMIT 21; args=(2,); alias=default
(0.000) SELECT 1 AS "a" FROM "auth_user" WHERE "auth_user"."id" = 2 LIMIT 1; args=(1, 2); alias=default
(0.001) INSERT INTO "transactions_account" ("balance", "user_id", "created") VALUES (5000.0, 2, '2022-08-19 17:08:52.427984') RETURNING "transactions_account"."id"; args=(5000.0, 2, '2022-08-19 17:08:52.427984'); alias=default
(0.000) INSERT INTO "django_admin_log" ("action_time", "user_id", "content_type_id", "object_id", "object_repr", "action_flag", "change_message") VALUES ('2022-08-19 17:08:52.429555', 1, 7, '5', '5', 1, '[{"added": {}}]') RETURNING "django_admin_log"."id"; args=('2022-08-19 17:08:52.429555', 1, 7, '5', '5', 1, '[{"added": {}}]'); alias=default
(0.001) SELECT "django_session"."session_key", "django_session"."session_data", "django_session"."expire_date" FROM "django_session" WHERE ("django_session"."expire_date" > '2022-08-19 17:08:52.436451' AND "django_session"."session_key" = '46m8mm5qpannvpu50iuo2ddwfac7ou3w') LIMIT 21; args=('2022-08-19 17:08:52.436451', '46m8mm5qpannvpu50iuo2ddwfac7ou3w'); alias=default
(0.000) SELECT "auth_user"."id", "auth_user"."password", "auth_user"."last_login", "auth_user"."is_superuser", "auth_user"."username", "auth_user"."first_name", "auth_user"."last_name", "auth_user"."email", "auth_user"."is_staff", "auth_user"."is_active", "auth_user"."date_joined" FROM "auth_user" WHERE "auth_user"."id" = 1 LIMIT 21; args=(1,); alias=default
(0.000) SELECT COUNT(*) AS "__count" FROM "transactions_account"; args=(); alias=default
(0.000) SELECT COUNT(*) AS "__count" FROM "transactions_account"; args=(); alias=default
(0.000) SELECT "transactions_account"."id", "transactions_account"."balance", "transactions_account"."user_id", "transactions_account"."created", "auth_user"."id", "auth_user"."password", "auth_user"."last_login", "auth_user"."is_superuser", "auth_user"."username", "auth_user"."first_name", "auth_user"."last_name", "auth_user"."email", "auth_user"."is_staff", "auth_user"."is_active", "auth_user"."date_joined" FROM "transactions_account" INNER JOIN "auth_user" ON ("transactions_account"."user_id" = "auth_user"."id") ORDER BY "transactions_account"."id" DESC; args=(); alias=default
(0.000) SELECT "django_session"."session_key", "django_session"."session_data", "django_session"."expire_date" FROM "django_session" WHERE ("django_session"."expire_date" > '2022-08-19 17:08:52.459379' AND "django_session"."session_key" = '46m8mm5qpannvpu50iuo2ddwfac7ou3w') LIMIT 21; args=('2022-08-19 17:08:52.459379', '46m8mm5qpannvpu50iuo2ddwfac7ou3w'); alias=default
(0.000) SELECT "auth_user"."id", "auth_user"."password", "auth_user"."last_login", "auth_user"."is_superuser", "auth_user"."username", "auth_user"."first_name", "auth_user"."last_name", "auth_user"."email", "auth_user"."is_staff", "auth_user"."is_active", "auth_user"."date_joined" FROM "auth_user" WHERE "auth_user"."id" = 1 LIMIT 21; args=(1,); alias=default
(0.001) SELECT "auth_user"."id", "auth_user"."password", "auth_user"."last_login", "auth_user"."is_superuser", "auth_user"."username", "auth_user"."first_name", "auth_user"."last_name", "auth_user"."email", "auth_user"."is_staff", "auth_user"."is_active", "auth_user"."date_joined" FROM "auth_user" WHERE "auth_user"."username" = 'user1' LIMIT 21; args=('user1',); alias=default
(0.001) SELECT "django_session"."session_key", "django_session"."session_data", "django_session"."expire_date" FROM "django_session" WHERE ("django_session"."expire_date" > '2022-08-19 17:09:14.279403' AND "django_session"."session_key" = '46m8mm5qpannvpu50iuo2ddwfac7ou3w') LIMIT 21; args=('2022-08-19 17:09:14.279403', '46m8mm5qpannvpu50iuo2ddwfac7ou3w'); alias=default
(0.000) SELECT "django_session"."session_key", "django_session"."session_data", "django_session"."expire_date" FROM "django_session" WHERE "django_session"."session_key" = '46m8mm5qpannvpu50iuo2ddwfac7ou3w' LIMIT 21; args=('46m8mm5qpannvpu50iuo2ddwfac7ou3w',); alias=default
(0.001) DELETE FROM "django_session" WHERE "django_session"."session_key" IN ('46m8mm5qpannvpu50iuo2ddwfac7ou3w'); args=('46m8mm5qpannvpu50iuo2ddwfac7ou3w',); alias=default
(0.001) UPDATE "auth_user" SET "last_login" = '2022-08-19 17:09:14.282987' WHERE "auth_user"."id" = 2; args=('2022-08-19 17:09:14.282987', 2); alias=default
(0.000) SELECT 1 AS "a" FROM "django_session" WHERE "django_session"."session_key" = 'umx5xfktk6kevjcg3cq8hh5akky4gz0f' LIMIT 1; args=(1, 'umx5xfktk6kevjcg3cq8hh5akky4gz0f'); alias=default
(0.000) BEGIN; args=None; alias=default
(0.000) INSERT INTO "django_session" ("session_key", "session_data", "expire_date") VALUES ('umx5xfktk6kevjcg3cq8hh5akky4gz0f', '.eJxVjEEOwiAQRe_C2pCWERhcuu8ZyDAMUjVtUtqV8e7apAvd_vfef6lI21rj1mSJY1YXZdTpd0vED5l2kO803WbN87QuY9K7og_a9DBneV4P9--gUqvfusPgHAJ7TOhDTw5CAEedBWRiFnsuFkzoClgUEfRWSvap7wsbaxKo9we9Fzdk:1oP5Ug:ApV5RRumsvyMWm-TCdZoyuejqYzP8v3DqGRe5x0_kcU', '2022-09-02 17:09:14.284558'); args=('umx5xfktk6kevjcg3cq8hh5akky4gz0f', '.eJxVjEEOwiAQRe_C2pCWERhcuu8ZyDAMUjVtUtqV8e7apAvd_vfef6lI21rj1mSJY1YXZdTpd0vED5l2kO803WbN87QuY9K7og_a9DBneV4P9--gUqvfusPgHAJ7TOhDTw5CAEedBWRiFnsuFkzoClgUEfRWSvap7wsbaxKo9we9Fzdk:1oP5Ug:ApV5RRumsvyMWm-TCdZoyuejqYzP8v3DqGRe5x0_kcU', '2022-09-02 17:09:14.284558'); alias=default
(0.000) SELECT "django_session"."session_key", "django_session"."session_data", "django_session"."expire_date" FROM "django_session" WHERE ("django_session"."expire_date" > '2022-08-19 17:09:20.111029' AND "django_session"."session_key" = 'umx5xfktk6kevjcg3cq8hh5akky4gz0f') LIMIT 21; args=('2022-08-19 17:09:20.111029', 'umx5xfktk6kevjcg3cq8hh5akky4gz0f'); alias=default
(0.000) SELECT "auth_user"."id", "auth_user"."password", "auth_user"."last_login", "auth_user"."is_superuser", "auth_user"."username", "auth_user"."first_name", "auth_user"."last_name", "auth_user"."email", "auth_user"."is_staff", "auth_user"."is_active", "auth_user"."date_joined" FROM "auth_user" WHERE "auth_user"."id" = 2 LIMIT 21; args=(2,); alias=default
(0.001) SELECT "transactions_account"."id", "transactions_account"."balance", "transactions_account"."user_id", "transactions_account"."created" FROM "transactions_account"; args=(); alias=default
(0.000) SELECT "transactions_account"."id", "transactions_account"."balance", "transactions_account"."user_id", "transactions_account"."created" FROM "transactions_account" WHERE "transactions_account"."user_id" = 2; args=(2,); alias=default
(0.001) SELECT "auth_user"."id", "auth_user"."password", "auth_user"."last_login", "auth_user"."is_superuser", "auth_user"."username", "auth_user"."first_name", "auth_user"."last_name", "auth_user"."email", "auth_user"."is_staff", "auth_user"."is_active", "auth_user"."date_joined" FROM "auth_user" WHERE "auth_user"."username" = 'admin' LIMIT 21; args=('admin',); alias=default
(0.001) SELECT "django_session"."session_key", "django_session"."session_data", "django_session"."expire_date" FROM "django_session" WHERE ("django_session"."expire_date" > '2022-08-19 17:09:36.822153' AND "django_session"."session_key" = 'umx5xfktk6kevjcg3cq8hh5akky4gz0f') LIMIT 21; args=('2022-08-19 17:09:36.822153', 'umx5xfktk6kevjcg3cq8hh5akky4gz0f'); alias=default
(0.000) SELECT "django_session"."session_key", "django_session"."session_data", "django_session"."expire_date" FROM "django_session" WHERE "django_session"."session_key" = 'umx5xfktk6kevjcg3cq8hh5akky4gz0f' LIMIT 21; args=('umx5xfktk6kevjcg3cq8hh5akky4gz0f',); alias=default
(0.001) DELETE FROM "django_session" WHERE "django_session"."session_key" IN ('umx5xfktk6kevjcg3cq8hh5akky4gz0f'); args=('umx5xfktk6kevjcg3cq8hh5akky4gz0f',); alias=default
(0.001) UPDATE "auth_user" SET "last_login" = '2022-08-19 17:09:36.825257' WHERE "auth_user"."id" = 1; args=('2022-08-19 17:09:36.825257', 1); alias=default
(0.000) SELECT 1 AS "a" FROM "django_session" WHERE "django_session"."session_key" = 'xjbe2j0k5q55wgevav0qgqeg3vctnszp' LIMIT 1; args=(1, 'xjbe2j0k5q55wgevav0qgqeg3vctnszp'); alias=default
(0.000) BEGIN; args=None; alias=default
(0.000) INSERT INTO "django_session" ("session_key", "session_data", "expire_date") VALUES ('xjbe2j0k5q55wgevav0qgqeg3vctnszp', '.eJxVjEEOwiAQRe_C2hCYwlRcuvcMZIahUjU0Ke3KeHfbpAvdvvf-f6tI61Li2vIcR1EXZdXplzGlZ667kAfV-6TTVJd5ZL0n-rBN3ybJr-vR_h0UamVboxmM9w7Rk3PElI23YBE84MaTC8QiARj57CxTFwYBspJ6Y1Gg69XnC7yhNyE:1oP5V2:xbM4ZmsBRGtkHBigkvnc9jj-nlHTC7FcqU8G2dC9kRo', '2022-09-02 17:09:36.826686'); args=('xjbe2j0k5q55wgevav0qgqeg3vctnszp', '.eJxVjEEOwiAQRe_C2hCYwlRcuvcMZIahUjU0Ke3KeHfbpAvdvvf-f6tI61Li2vIcR1EXZdXplzGlZ667kAfV-6TTVJd5ZL0n-rBN3ybJr-vR_h0UamVboxmM9w7Rk3PElI23YBE84MaTC8QiARj57CxTFwYBspJ6Y1Gg69XnC7yhNyE:1oP5V2:xbM4ZmsBRGtkHBigkvnc9jj-nlHTC7FcqU8G2dC9kRo', '2022-09-02 17:09:36.826686'); alias=default
(0.001) SELECT "django_session"."session_key", "django_session"."session_data", "django_session"."expire_date" FROM "django_session" WHERE ("django_session"."expire_date" > '2022-08-19 17:09:40.087619' AND "django_session"."session_key" = 'xjbe2j0k5q55wgevav0qgqeg3vctnszp') LIMIT 21; args=('2022-08-19 17:09:40.087619', 'xjbe2j0k5q55wgevav0qgqeg3vctnszp'); alias=default
(0.000) SELECT "auth_user"."id", "auth_user"."password", "auth_user"."last_login", "auth_user"."is_superuser", "auth_user"."username", "auth_user"."first_name", "auth_user"."last_name", "auth_user"."email", "auth_user"."is_staff", "auth_user"."is_active", "auth_user"."date_joined" FROM "auth_user" WHERE "auth_user"."id" = 1 LIMIT 21; args=(1,); alias=default
(0.000) SELECT "transactions_account"."id", "transactions_account"."balance", "transactions_account"."user_id", "transactions_account"."created" FROM "transactions_account"; args=(); alias=default
(0.000) SELECT "transactions_account"."id", "transactions_account"."balance", "transactions_account"."user_id", "transactions_account"."created" FROM "transactions_account" WHERE "transactions_account"."user_id" = 1; args=(1,); alias=default
(0.000) 
            SELECT name, type FROM sqlite_master
            WHERE type in ('table', 'view') AND NOT name='sqlite_sequence'
            ORDER BY name; args=None; alias=default
(0.000) SELECT "django_migrations"."id", "django_migrations"."app", "django_migrations"."name", "django_migrations"."applied" FROM "django_migrations"; args=(); alias=default
(0.000) 
            SELECT name, type FROM sqlite_master
            WHERE type in ('table', 'view') AND NOT name='sqlite_sequence'
            ORDER BY name; args=None; alias=default
(0.000) SELECT "django_migrations"."id", "django_migrations"."app", "django_migrations"."name", "django_migrations"."applied" FROM "django_migrations"; args=(); alias=default
(0.000) 
            SELECT name, type FROM sqlite_master
            WHERE type in ('table', 'view') AND NOT name='sqlite_sequence'
            ORDER BY name; args=None; alias=default
(0.000) SELECT "django_migrations"."id", "django_migrations"."app", "django_migrations"."name", "django_migrations"."applied" FROM "django_migrations"; args=(); alias=default
(0.000) 
            SELECT name, type FROM sqlite_master
            WHERE type in ('table', 'view') AND NOT name='sqlite_sequence'
            ORDER BY name; args=None; alias=default
(0.000) SELECT "django_migrations"."id", "django_migrations"."app", "django_migrations"."name", "django_migrations"."applied" FROM "django_migrations"; args=(); alias=default
(0.000) 
            SELECT name, type FROM sqlite_master
            WHERE type in ('table', 'view') AND NOT name='sqlite_sequence'
            ORDER BY name; args=None; alias=default
(0.000) SELECT "django_migrations"."id", "django_migrations"."app", "django_migrations"."name", "django_migrations"."applied" FROM "django_migrations"; args=(); alias=default
(0.000) 
            SELECT name, type FROM sqlite_master
            WHERE type in ('table', 'view') AND NOT name='sqlite_sequence'
            ORDER BY name; args=None; alias=default
(0.000) SELECT "django_migrations"."id", "django_migrations"."app", "django_migrations"."name", "django_migrations"."applied" FROM "django_migrations"; args=(); alias=default
(0.000) 
            SELECT name, type FROM sqlite_master
            WHERE type in ('table', 'view') AND NOT name='sqlite_sequence'
            ORDER BY name; args=None; alias=default
(0.000) SELECT "django_migrations"."id", "django_migrations"."app", "django_migrations"."name", "django_migrations"."applied" FROM "django_migrations"; args=(); alias=default
(0.000) SELECT "django_session"."session_key", "django_session"."session_data", "django_session"."expire_date" FROM "django_session" WHERE ("django_session"."expire_date" > '2022-08-19 17:12:50.719993' AND "django_session"."session_key" = 'xjbe2j0k5q55wgevav0qgqeg3vctnszp') LIMIT 21; args=('2022-08-19 17:12:50.719993', 'xjbe2j0k5q55wgevav0qgqeg3vctnszp'); alias=default
(0.000) SELECT "auth_user"."id", "auth_user"."password", "auth_user"."last_login", "auth_user"."is_superuser", "auth_user"."username", "auth_user"."first_name", "auth_user"."last_name", "auth_user"."email", "auth_user"."is_staff", "auth_user"."is_active", "auth_user"."date_joined" FROM "auth_user" WHERE "auth_user"."id" = 1 LIMIT 21; args=(1,); alias=default
(0.000) 
            SELECT name, type FROM sqlite_master
            WHERE type in ('table', 'view') AND NOT name='sqlite_sequence'
            ORDER BY name; args=None; alias=default
(0.000) SELECT "django_migrations"."id", "django_migrations"."app", "django_migrations"."name", "django_migrations"."applied" FROM "django_migrations"; args=(); alias=default
(0.000) SELECT "django_session"."session_key", "django_session"."session_data", "django_session"."expire_date" FROM "django_session" WHERE ("django_session"."expire_date" > '2022-08-19 17:13:50.223731' AND "django_session"."session_key" = 'xjbe2j0k5q55wgevav0qgqeg3vctnszp') LIMIT 21; args=('2022-08-19 17:13:50.223731', 'xjbe2j0k5q55wgevav0qgqeg3vctnszp'); alias=default
(0.000) SELECT "auth_user"."id", "auth_user"."password", "auth_user"."last_login", "auth_user"."is_superuser", "auth_user"."username", "auth_user"."first_name", "auth_user"."last_name", "auth_user"."email", "auth_user"."is_staff", "auth_user"."is_active", "auth_user"."date_joined" FROM "auth_user" WHERE "auth_user"."id" = 1 LIMIT 21; args=(1,); alias=default
(0.000) 
            SELECT name, type FROM sqlite_master
            WHERE type in ('table', 'view') AND NOT name='sqlite_sequence'
            ORDER BY name; args=None; alias=default
(0.000) SELECT "django_migrations"."id", "django_migrations"."app", "django_migrations"."name", "django_migrations"."applied" FROM "django_migrations"; args=(); alias=default
(0.001) SELECT "django_session"."session_key", "django_session"."session_data", "django_session"."expire_date" FROM "django_session" WHERE ("django_session"."expire_date" > '2022-08-19 17:14:00.284491' AND "django_session"."session_key" = 'xjbe2j0k5q55wgevav0qgqeg3vctnszp') LIMIT 21; args=('2022-08-19 17:14:00.284491', 'xjbe2j0k5q55wgevav0qgqeg3vctnszp'); alias=default
(0.000) SELECT "auth_user"."id", "auth_user"."password", "auth_user"."last_login", "auth_user"."is_superuser", "auth_user"."username", "auth_user"."first_name", "auth_user"."last_name", "auth_user"."email", "auth_user"."is_staff", "auth_user"."is_active", "auth_user"."date_joined" FROM "auth_user" WHERE "auth_user"."id" = 1 LIMIT 21; args=(1,); alias=default
(0.000) 
            SELECT name, type FROM sqlite_master
            WHERE type in ('table', 'view') AND NOT name='sqlite_sequence'
            ORDER BY name; args=None; alias=default
(0.000) SELECT "django_migrations"."id", "django_migrations"."app", "django_migrations"."name", "django_migrations"."applied" FROM "django_migrations"; args=(); alias=default
(0.004) 
            SELECT name, type FROM sqlite_master
            WHERE type in ('table', 'view') AND NOT name='sqlite_sequence'
            ORDER BY name; args=None; alias=default
(0.000) SELECT "django_migrations"."id", "django_migrations"."app", "django_migrations"."name", "django_migrations"."applied" FROM "django_migrations"; args=(); alias=default
(0.000) 
            SELECT name, type FROM sqlite_master
            WHERE type in ('table', 'view') AND NOT name='sqlite_sequence'
            ORDER BY name; args=None; alias=default
(0.000) SELECT "django_migrations"."id", "django_migrations"."app", "django_migrations"."name", "django_migrations"."applied" FROM "django_migrations"; args=(); alias=default
(0.000) SELECT "transactions_transaction"."id", "transactions_transaction"."amount", "transactions_transaction"."date_time", "transactions_transaction"."from_account_id", "transactions_transaction"."to_account_id" FROM "transactions_transaction" LIMIT 21; args=(); alias=default
(0.000) SELECT "transactions_transaction"."id", "transactions_transaction"."amount", "transactions_transaction"."date_time", "transactions_transaction"."from_account_id", "transactions_transaction"."to_account_id" FROM "transactions_transaction" LIMIT 21; args=(); alias=default
(0.000) SELECT "django_session"."session_key", "django_session"."session_data", "django_session"."expire_date" FROM "django_session" WHERE ("django_session"."expire_date" > '2022-08-19 17:16:29.731902' AND "django_session"."session_key" = 'xjbe2j0k5q55wgevav0qgqeg3vctnszp') LIMIT 21; args=('2022-08-19 17:16:29.731902', 'xjbe2j0k5q55wgevav0qgqeg3vctnszp'); alias=default
(0.000) SELECT "auth_user"."id", "auth_user"."password", "auth_user"."last_login", "auth_user"."is_superuser", "auth_user"."username", "auth_user"."first_name", "auth_user"."last_name", "auth_user"."email", "auth_user"."is_staff", "auth_user"."is_active", "auth_user"."date_joined" FROM "auth_user" WHERE "auth_user"."id" = 1 LIMIT 21; args=(1,); alias=default
(0.001) 
            SELECT name, type FROM sqlite_master
            WHERE type in ('table', 'view') AND NOT name='sqlite_sequence'
            ORDER BY name; args=None; alias=default
(0.000) SELECT "django_migrations"."id", "django_migrations"."app", "django_migrations"."name", "django_migrations"."applied" FROM "django_migrations"; args=(); alias=default
(0.001) SELECT "transactions_transaction"."id", "transactions_transaction"."amount", "transactions_transaction"."date_time", "transactions_transaction"."from_account_id", "transactions_transaction"."to_account_id" FROM "transactions_transaction" LIMIT 21; args=(); alias=default
(0.000) SELECT "transactions_transaction"."id", "transactions_transaction"."amount", "transactions_transaction"."date_time", "transactions_transaction"."from_account_id", "transactions_transaction"."to_account_id" FROM "transactions_transaction" LIMIT 21; args=(); alias=default
(0.000) SELECT "django_session"."session_key", "django_session"."session_data", "django_session"."expire_date" FROM "django_session" WHERE ("django_session"."expire_date" > '2022-08-19 17:16:44.321725' AND "django_session"."session_key" = 'xjbe2j0k5q55wgevav0qgqeg3vctnszp') LIMIT 21; args=('2022-08-19 17:16:44.321725', 'xjbe2j0k5q55wgevav0qgqeg3vctnszp'); alias=default
(0.000) SELECT "auth_user"."id", "auth_user"."password", "auth_user"."last_login", "auth_user"."is_superuser", "auth_user"."username", "auth_user"."first_name", "auth_user"."last_name", "auth_user"."email", "auth_user"."is_staff", "auth_user"."is_active", "auth_user"."date_joined" FROM "auth_user" WHERE "auth_user"."id" = 1 LIMIT 21; args=(1,); alias=default
(0.000) 
            SELECT name, type FROM sqlite_master
            WHERE type in ('table', 'view') AND NOT name='sqlite_sequence'
            ORDER BY name; args=None; alias=default
(0.000) SELECT "django_migrations"."id", "django_migrations"."app", "django_migrations"."name", "django_migrations"."applied" FROM "django_migrations"; args=(); alias=default
(0.000) SELECT "django_session"."session_key", "django_session"."session_data", "django_session"."expire_date" FROM "django_session" WHERE ("django_session"."expire_date" > '2022-08-19 17:18:38.516374' AND "django_session"."session_key" = 'xjbe2j0k5q55wgevav0qgqeg3vctnszp') LIMIT 21; args=('2022-08-19 17:18:38.516374', 'xjbe2j0k5q55wgevav0qgqeg3vctnszp'); alias=default
(0.000) SELECT "auth_user"."id", "auth_user"."password", "auth_user"."last_login", "auth_user"."is_superuser", "auth_user"."username", "auth_user"."first_name", "auth_user"."last_name", "auth_user"."email", "auth_user"."is_staff", "auth_user"."is_active", "auth_user"."date_joined" FROM "auth_user" WHERE "auth_user"."id" = 1 LIMIT 21; args=(1,); alias=default
(0.000) SELECT "transactions_transaction"."id", "transactions_transaction"."amount", "transactions_transaction"."date_time", "transactions_transaction"."from_account_id", "transactions_transaction"."to_account_id" FROM "transactions_transaction" LIMIT 21; args=(); alias=default
(0.000) SELECT "transactions_transaction"."id", "transactions_transaction"."amount", "transactions_transaction"."date_time", "transactions_transaction"."from_account_id", "transactions_transaction"."to_account_id" FROM "transactions_transaction" LIMIT 21; args=(); alias=default
(0.000) SELECT "django_session"."session_key", "django_session"."session_data", "django_session"."expire_date" FROM "django_session" WHERE ("django_session"."expire_date" > '2022-08-19 17:18:42.772964' AND "django_session"."session_key" = 'xjbe2j0k5q55wgevav0qgqeg3vctnszp') LIMIT 21; args=('2022-08-19 17:18:42.772964', 'xjbe2j0k5q55wgevav0qgqeg3vctnszp'); alias=default
(0.000) SELECT "auth_user"."id", "auth_user"."password", "auth_user"."last_login", "auth_user"."is_superuser", "auth_user"."username", "auth_user"."first_name", "auth_user"."last_name", "auth_user"."email", "auth_user"."is_staff", "auth_user"."is_active", "auth_user"."date_joined" FROM "auth_user" WHERE "auth_user"."id" = 1 LIMIT 21; args=(1,); alias=default
(0.000) SELECT "transactions_transaction"."id", "transactions_transaction"."amount", "transactions_transaction"."date_time", "transactions_transaction"."from_account_id", "transactions_transaction"."to_account_id" FROM "transactions_transaction" LIMIT 21; args=(); alias=default
(0.000) SELECT "transactions_transaction"."id", "transactions_transaction"."amount", "transactions_transaction"."date_time", "transactions_transaction"."from_account_id", "transactions_transaction"."to_account_id" FROM "transactions_transaction" LIMIT 21; args=(); alias=default
(0.000) 
            SELECT name, type FROM sqlite_master
            WHERE type in ('table', 'view') AND NOT name='sqlite_sequence'
            ORDER BY name; args=None; alias=default
(0.000) SELECT "django_migrations"."id", "django_migrations"."app", "django_migrations"."name", "django_migrations"."applied" FROM "django_migrations"; args=(); alias=default
(0.000) 
            SELECT name, type FROM sqlite_master
            WHERE type in ('table', 'view') AND NOT name='sqlite_sequence'
            ORDER BY name; args=None; alias=default
(0.000) SELECT "django_migrations"."id", "django_migrations"."app", "django_migrations"."name", "django_migrations"."applied" FROM "django_migrations"; args=(); alias=default
(0.000) 
            SELECT name, type FROM sqlite_master
            WHERE type in ('table', 'view') AND NOT name='sqlite_sequence'
            ORDER BY name; args=None; alias=default
(0.000) SELECT "django_migrations"."id", "django_migrations"."app", "django_migrations"."name", "django_migrations"."applied" FROM "django_migrations"; args=(); alias=default
(0.000) 
            SELECT name, type FROM sqlite_master
            WHERE type in ('table', 'view') AND NOT name='sqlite_sequence'
            ORDER BY name; args=None; alias=default
(0.000) SELECT "django_migrations"."id", "django_migrations"."app", "django_migrations"."name", "django_migrations"."applied" FROM "django_migrations"; args=(); alias=default
(0.000) SELECT "django_session"."session_key", "django_session"."session_data", "django_session"."expire_date" FROM "django_session" WHERE ("django_session"."expire_date" > '2022-08-19 17:23:52.987552' AND "django_session"."session_key" = 'xjbe2j0k5q55wgevav0qgqeg3vctnszp') LIMIT 21; args=('2022-08-19 17:23:52.987552', 'xjbe2j0k5q55wgevav0qgqeg3vctnszp'); alias=default
(0.000) SELECT "auth_user"."id", "auth_user"."password", "auth_user"."last_login", "auth_user"."is_superuser", "auth_user"."username", "auth_user"."first_name", "auth_user"."last_name", "auth_user"."email", "auth_user"."is_staff", "auth_user"."is_active", "auth_user"."date_joined" FROM "auth_user" WHERE "auth_user"."id" = 1 LIMIT 21; args=(1,); alias=default
(0.000) SELECT "transactions_transaction"."id", "transactions_transaction"."amount", "transactions_transaction"."date_time", "transactions_transaction"."from_account_id", "transactions_transaction"."to_account_id" FROM "transactions_transaction" LIMIT 21; args=(); alias=default
(0.000) SELECT "transactions_transaction"."id", "transactions_transaction"."amount", "transactions_transaction"."date_time", "transactions_transaction"."from_account_id", "transactions_transaction"."to_account_id" FROM "transactions_transaction" LIMIT 21; args=(); alias=default
(0.000) 
            SELECT name, type FROM sqlite_master
            WHERE type in ('table', 'view') AND NOT name='sqlite_sequence'
            ORDER BY name; args=None; alias=default
(0.000) SELECT "django_migrations"."id", "django_migrations"."app", "django_migrations"."name", "django_migrations"."applied" FROM "django_migrations"; args=(); alias=default
(0.001) SELECT "django_session"."session_key", "django_session"."session_data", "django_session"."expire_date" FROM "django_session" WHERE ("django_session"."expire_date" > '2022-08-19 17:24:23.091650' AND "django_session"."session_key" = 'xjbe2j0k5q55wgevav0qgqeg3vctnszp') LIMIT 21; args=('2022-08-19 17:24:23.091650', 'xjbe2j0k5q55wgevav0qgqeg3vctnszp'); alias=default
(0.000) SELECT "auth_user"."id", "auth_user"."password", "auth_user"."last_login", "auth_user"."is_superuser", "auth_user"."username", "auth_user"."first_name", "auth_user"."last_name", "auth_user"."email", "auth_user"."is_staff", "auth_user"."is_active", "auth_user"."date_joined" FROM "auth_user" WHERE "auth_user"."id" = 1 LIMIT 21; args=(1,); alias=default
(0.000) SELECT "transactions_account"."id", "transactions_account"."balance", "transactions_account"."user_id", "transactions_account"."created" FROM "transactions_account"; args=(); alias=default
(0.000) SELECT "transactions_account"."id", "transactions_account"."balance", "transactions_account"."user_id", "transactions_account"."created" FROM "transactions_account" WHERE "transactions_account"."user_id" = 1; args=(1,); alias=default
(0.000) SELECT "transactions_transaction"."id", "transactions_transaction"."amount", "transactions_transaction"."date_time", "transactions_transaction"."from_account_id", "transactions_transaction"."to_account_id" FROM "transactions_transaction"; args=(); alias=default
(0.000) SELECT "transactions_account"."id", "transactions_account"."balance", "transactions_account"."user_id", "transactions_account"."created" FROM "transactions_account" WHERE "transactions_account"."id" = 1 LIMIT 21; args=(1,); alias=default
(0.000) SELECT "transactions_account"."id", "transactions_account"."balance", "transactions_account"."user_id", "transactions_account"."created" FROM "transactions_account" WHERE "transactions_account"."id" = 2 LIMIT 21; args=(2,); alias=default
(0.000) SELECT "transactions_account"."id", "transactions_account"."balance", "transactions_account"."user_id", "transactions_account"."created" FROM "transactions_account" WHERE "transactions_account"."id" = 1 LIMIT 21; args=(1,); alias=default
(0.000) SELECT "transactions_account"."id", "transactions_account"."balance", "transactions_account"."user_id", "transactions_account"."created" FROM "transactions_account" WHERE "transactions_account"."id" = 2 LIMIT 21; args=(2,); alias=default
(0.000) SELECT "transactions_account"."id", "transactions_account"."balance", "transactions_account"."user_id", "transactions_account"."created" FROM "transactions_account" WHERE "transactions_account"."id" = 3 LIMIT 21; args=(3,); alias=default
(0.000) SELECT "transactions_account"."id", "transactions_account"."balance", "transactions_account"."user_id", "transactions_account"."created" FROM "transactions_account" WHERE "transactions_account"."id" = 1 LIMIT 21; args=(1,); alias=default
(0.000) SELECT "transactions_account"."id", "transactions_account"."balance", "transactions_account"."user_id", "transactions_account"."created" FROM "transactions_account" WHERE "transactions_account"."id" = 1 LIMIT 21; args=(1,); alias=default
(0.000) SELECT "transactions_account"."id", "transactions_account"."balance", "transactions_account"."user_id", "transactions_account"."created" FROM "transactions_account" WHERE "transactions_account"."id" = 3 LIMIT 21; args=(3,); alias=default
(0.000) SELECT "transactions_account"."id", "transactions_account"."balance", "transactions_account"."user_id", "transactions_account"."created" FROM "transactions_account" WHERE "transactions_account"."id" = 2 LIMIT 21; args=(2,); alias=default
(0.000) SELECT "transactions_account"."id", "transactions_account"."balance", "transactions_account"."user_id", "transactions_account"."created" FROM "transactions_account" WHERE "transactions_account"."id" = 3 LIMIT 21; args=(3,); alias=default
(0.000) SELECT "transactions_account"."id", "transactions_account"."balance", "transactions_account"."user_id", "transactions_account"."created" FROM "transactions_account" WHERE "transactions_account"."id" = 1 LIMIT 21; args=(1,); alias=default
(0.000) SELECT "transactions_account"."id", "transactions_account"."balance", "transactions_account"."user_id", "transactions_account"."created" FROM "transactions_account" WHERE "transactions_account"."id" = 3 LIMIT 21; args=(3,); alias=default
(0.000) SELECT "transactions_account"."id", "transactions_account"."balance", "transactions_account"."user_id", "transactions_account"."created" FROM "transactions_account" WHERE "transactions_account"."id" = 2 LIMIT 21; args=(2,); alias=default
(0.000) SELECT "transactions_account"."id", "transactions_account"."balance", "transactions_account"."user_id", "transactions_account"."created" FROM "transactions_account" WHERE "transactions_account"."id" = 3 LIMIT 21; args=(3,); alias=default
(0.000) SELECT "transactions_account"."id", "transactions_account"."balance", "transactions_account"."user_id", "transactions_account"."created" FROM "transactions_account" WHERE "transactions_account"."id" = 1 LIMIT 21; args=(1,); alias=default
(0.000) SELECT "transactions_account"."id", "transactions_account"."balance", "transactions_account"."user_id", "transactions_account"."created" FROM "transactions_account" WHERE "transactions_account"."id" = 2 LIMIT 21; args=(2,); alias=default
(0.000) SELECT "transactions_account"."id", "transactions_account"."balance", "transactions_account"."user_id", "transactions_account"."created" FROM "transactions_account" WHERE "transactions_account"."id" = 3 LIMIT 21; args=(3,); alias=default
(0.000) SELECT "transactions_account"."id", "transactions_account"."balance", "transactions_account"."user_id", "transactions_account"."created" FROM "transactions_account" WHERE "transactions_account"."id" = 2 LIMIT 21; args=(2,); alias=default
(0.002) 
            SELECT name, type FROM sqlite_master
            WHERE type in ('table', 'view') AND NOT name='sqlite_sequence'
            ORDER BY name; args=None; alias=default
(0.000) SELECT "django_migrations"."id", "django_migrations"."app", "django_migrations"."name", "django_migrations"."applied" FROM "django_migrations"; args=(); alias=default
(0.000) SELECT "django_session"."session_key", "django_session"."session_data", "django_session"."expire_date" FROM "django_session" WHERE ("django_session"."expire_date" > '2022-08-19 17:25:02.331864' AND "django_session"."session_key" = 'xjbe2j0k5q55wgevav0qgqeg3vctnszp') LIMIT 21; args=('2022-08-19 17:25:02.331864', 'xjbe2j0k5q55wgevav0qgqeg3vctnszp'); alias=default
(0.000) SELECT "auth_user"."id", "auth_user"."password", "auth_user"."last_login", "auth_user"."is_superuser", "auth_user"."username", "auth_user"."first_name", "auth_user"."last_name", "auth_user"."email", "auth_user"."is_staff", "auth_user"."is_active", "auth_user"."date_joined" FROM "auth_user" WHERE "auth_user"."id" = 1 LIMIT 21; args=(1,); alias=default
(0.000) SELECT "transactions_account"."id", "transactions_account"."balance", "transactions_account"."user_id", "transactions_account"."created" FROM "transactions_account" WHERE "transactions_account"."user_id" = 1; args=(1,); alias=default
(0.000) SELECT "transactions_account"."id", "transactions_account"."balance", "transactions_account"."user_id", "transactions_account"."created" FROM "transactions_account" WHERE "transactions_account"."user_id" = 1; args=(1,); alias=default
(0.000) SELECT "transactions_transaction"."id", "transactions_transaction"."amount", "transactions_transaction"."date_time", "transactions_transaction"."from_account_id", "transactions_transaction"."to_account_id" FROM "transactions_transaction"; args=(); alias=default
(0.000) SELECT "transactions_account"."id", "transactions_account"."balance", "transactions_account"."user_id", "transactions_account"."created" FROM "transactions_account" WHERE "transactions_account"."id" = 1 LIMIT 21; args=(1,); alias=default
(0.000) SELECT "transactions_account"."id", "transactions_account"."balance", "transactions_account"."user_id", "transactions_account"."created" FROM "transactions_account" WHERE "transactions_account"."id" = 2 LIMIT 21; args=(2,); alias=default
(0.000) SELECT "transactions_account"."id", "transactions_account"."balance", "transactions_account"."user_id", "transactions_account"."created" FROM "transactions_account" WHERE "transactions_account"."id" = 1 LIMIT 21; args=(1,); alias=default
(0.000) SELECT "transactions_account"."id", "transactions_account"."balance", "transactions_account"."user_id", "transactions_account"."created" FROM "transactions_account" WHERE "transactions_account"."id" = 2 LIMIT 21; args=(2,); alias=default
(0.000) SELECT "transactions_account"."id", "transactions_account"."balance", "transactions_account"."user_id", "transactions_account"."created" FROM "transactions_account" WHERE "transactions_account"."id" = 3 LIMIT 21; args=(3,); alias=default
(0.000) SELECT "transactions_account"."id", "transactions_account"."balance", "transactions_account"."user_id", "transactions_account"."created" FROM "transactions_account" WHERE "transactions_account"."id" = 1 LIMIT 21; args=(1,); alias=default
(0.000) SELECT "transactions_account"."id", "transactions_account"."balance", "transactions_account"."user_id", "transactions_account"."created" FROM "transactions_account" WHERE "transactions_account"."id" = 1 LIMIT 21; args=(1,); alias=default
(0.000) SELECT "transactions_account"."id", "transactions_account"."balance", "transactions_account"."user_id", "transactions_account"."created" FROM "transactions_account" WHERE "transactions_account"."id" = 3 LIMIT 21; args=(3,); alias=default
(0.000) SELECT "transactions_account"."id", "transactions_account"."balance", "transactions_account"."user_id", "transactions_account"."created" FROM "transactions_account" WHERE "transactions_account"."id" = 2 LIMIT 21; args=(2,); alias=default
(0.000) SELECT "transactions_account"."id", "transactions_account"."balance", "transactions_account"."user_id", "transactions_account"."created" FROM "transactions_account" WHERE "transactions_account"."id" = 3 LIMIT 21; args=(3,); alias=default
(0.000) SELECT "transactions_account"."id", "transactions_account"."balance", "transactions_account"."user_id", "transactions_account"."created" FROM "transactions_account" WHERE "transactions_account"."id" = 1 LIMIT 21; args=(1,); alias=default
(0.000) SELECT "transactions_account"."id", "transactions_account"."balance", "transactions_account"."user_id", "transactions_account"."created" FROM "transactions_account" WHERE "transactions_account"."id" = 3 LIMIT 21; args=(3,); alias=default
(0.000) SELECT "transactions_account"."id", "transactions_account"."balance", "transactions_account"."user_id", "transactions_account"."created" FROM "transactions_account" WHERE "transactions_account"."id" = 2 LIMIT 21; args=(2,); alias=default
(0.000) SELECT "transactions_account"."id", "transactions_account"."balance", "transactions_account"."user_id", "transactions_account"."created" FROM "transactions_account" WHERE "transactions_account"."id" = 3 LIMIT 21; args=(3,); alias=default
(0.000) SELECT "transactions_account"."id", "transactions_account"."balance", "transactions_account"."user_id", "transactions_account"."created" FROM "transactions_account" WHERE "transactions_account"."id" = 1 LIMIT 21; args=(1,); alias=default
(0.000) SELECT "transactions_account"."id", "transactions_account"."balance", "transactions_account"."user_id", "transactions_account"."created" FROM "transactions_account" WHERE "transactions_account"."id" = 2 LIMIT 21; args=(2,); alias=default
(0.000) SELECT "transactions_account"."id", "transactions_account"."balance", "transactions_account"."user_id", "transactions_account"."created" FROM "transactions_account" WHERE "transactions_account"."id" = 3 LIMIT 21; args=(3,); alias=default
(0.000) SELECT "transactions_account"."id", "transactions_account"."balance", "transactions_account"."user_id", "transactions_account"."created" FROM "transactions_account" WHERE "transactions_account"."id" = 2 LIMIT 21; args=(2,); alias=default
(0.000) SELECT "transactions_account"."id", "transactions_account"."balance", "transactions_account"."user_id", "transactions_account"."created" FROM "transactions_account"; args=(); alias=default
(0.000) SELECT "auth_user"."id", "auth_user"."password", "auth_user"."last_login", "auth_user"."is_superuser", "auth_user"."username", "auth_user"."first_name", "auth_user"."last_name", "auth_user"."email", "auth_user"."is_staff", "auth_user"."is_active", "auth_user"."date_joined" FROM "auth_user" WHERE "auth_user"."id" = 1 LIMIT 21; args=(1,); alias=default
(0.000) SELECT "auth_user"."id", "auth_user"."password", "auth_user"."last_login", "auth_user"."is_superuser", "auth_user"."username", "auth_user"."first_name", "auth_user"."last_name", "auth_user"."email", "auth_user"."is_staff", "auth_user"."is_active", "auth_user"."date_joined" FROM "auth_user" WHERE "auth_user"."id" = 1 LIMIT 21; args=(1,); alias=default
(0.000) SELECT "auth_user"."id", "auth_user"."password", "auth_user"."last_login", "auth_user"."is_superuser", "auth_user"."username", "auth_user"."first_name", "auth_user"."last_name", "auth_user"."email", "auth_user"."is_staff", "auth_user"."is_active", "auth_user"."date_joined" FROM "auth_user" WHERE "auth_user"."id" = 1 LIMIT 21; args=(1,); alias=default
(0.000) SELECT "auth_user"."id", "auth_user"."password", "auth_user"."last_login", "auth_user"."is_superuser", "auth_user"."username", "auth_user"."first_name", "auth_user"."last_name", "auth_user"."email", "auth_user"."is_staff", "auth_user"."is_active", "auth_user"."date_joined" FROM "auth_user" WHERE "auth_user"."id" = 2 LIMIT 21; args=(2,); alias=default
(0.000) SELECT "auth_user"."id", "auth_user"."password", "auth_user"."last_login", "auth_user"."is_superuser", "auth_user"."username", "auth_user"."first_name", "auth_user"."last_name", "auth_user"."email", "auth_user"."is_staff", "auth_user"."is_active", "auth_user"."date_joined" FROM "auth_user" WHERE "auth_user"."id" = 2 LIMIT 21; args=(2,); alias=default
